[1125/223136.170:ERROR:ssl_client_socket_impl.cc(935)] handshake failed; returned -1, SSL error code 1, net_error -202
[1125/223136.659:ERROR:ssl_client_socket_impl.cc(935)] handshake failed; returned -1, SSL error code 1, net_error -202
[1125/223136.660:ERROR:ssl_client_socket_impl.cc(935)] handshake failed; returned -1, SSL error code 1, net_error -202
[1125/223136.668:ERROR:ssl_client_socket_impl.cc(935)] handshake failed; returned -1, SSL error code 1, net_error -202
[1125/223136.676:ERROR:ssl_client_socket_impl.cc(935)] handshake failed; returned -1, SSL error code 1, net_error -202
[1125/223136.682:ERROR:ssl_client_socket_impl.cc(935)] handshake failed; returned -1, SSL error code 1, net_error -202
[1125/223136.689:ERROR:ssl_client_socket_impl.cc(935)] handshake failed; returned -1, SSL error code 1, net_error -202
[1125/223136.695:ERROR:ssl_client_socket_impl.cc(935)] handshake failed; returned -1, SSL error code 1, net_error -202
[1125/223136.702:ERROR:ssl_client_socket_impl.cc(935)] handshake failed; returned -1, SSL error code 1, net_error -202
[1125/223136.711:ERROR:ssl_client_socket_impl.cc(935)] handshake failed; returned -1, SSL error code 1, net_error -202
[1125/223136.717:ERROR:ssl_client_socket_impl.cc(935)] handshake failed; returned -1, SSL error code 1, net_error -202
[1125/223136.723:ERROR:ssl_client_socket_impl.cc(935)] handshake failed; returned -1, SSL error code 1, net_error -202
[1125/223136.730:ERROR:ssl_client_socket_impl.cc(935)] handshake failed; returned -1, SSL error code 1, net_error -202
[1125/223136.746:ERROR:ssl_client_socket_impl.cc(935)] handshake failed; returned -1, SSL error code 1, net_error -202
[1125/223136.759:ERROR:ssl_client_socket_impl.cc(935)] handshake failed; returned -1, SSL error code 1, net_error -202
[1125/223137.200:INFO:CONSOLE(0)] "Uncaught (in promise) #<Object>", source: https://127.0.0.1:53508/login/passphrase?passphrase=985b1d89-9909-407e-a274-12edb54fbdbd (0)
[1125/223137.221:ERROR:ssl_client_socket_impl.cc(935)] handshake failed; returned -1, SSL error code 1, net_error -202
[1125/223137.257:ERROR:ssl_client_socket_impl.cc(935)] handshake failed; returned -1, SSL error code 1, net_error -202
[1125/223137.912:INFO:CONSOLE(0)] "Access to XMLHttpRequest at 'https://software.intel.com/sites/products/vtune/news.json?id=1606307497392' from origin 'https://127.0.0.1:53508' has been blocked by CORS policy: Response to preflight request doesn't pass access control check: It does not have HTTP ok status.", source: https://127.0.0.1:53508/extension-ui/Session-1-1606307494934?passphrase=985b1d89-9909-407e-a274-12edb54fbdbd (0)
[1125/223148.059:ERROR:ssl_client_socket_impl.cc(935)] handshake failed; returned -1, SSL error code 1, net_error -202
[1125/223148.227:ERROR:ssl_client_socket_impl.cc(935)] handshake failed; returned -1, SSL error code 1, net_error -202
[1125/223148.235:ERROR:ssl_client_socket_impl.cc(935)] handshake failed; returned -1, SSL error code 1, net_error -202
[1125/223148.241:ERROR:ssl_client_socket_impl.cc(935)] handshake failed; returned -1, SSL error code 1, net_error -202
[1125/223148.248:ERROR:ssl_client_socket_impl.cc(935)] handshake failed; returned -1, SSL error code 1, net_error -202
[1125/223148.254:ERROR:ssl_client_socket_impl.cc(935)] handshake failed; returned -1, SSL error code 1, net_error -202
[1125/223148.261:ERROR:ssl_client_socket_impl.cc(935)] handshake failed; returned -1, SSL error code 1, net_error -202
[1125/223148.270:ERROR:ssl_client_socket_impl.cc(935)] handshake failed; returned -1, SSL error code 1, net_error -202
[1125/223148.276:ERROR:ssl_client_socket_impl.cc(935)] handshake failed; returned -1, SSL error code 1, net_error -202
[1125/223148.283:ERROR:ssl_client_socket_impl.cc(935)] handshake failed; returned -1, SSL error code 1, net_error -202
[1125/223148.290:ERROR:ssl_client_socket_impl.cc(935)] handshake failed; returned -1, SSL error code 1, net_error -202
[1125/223148.298:ERROR:ssl_client_socket_impl.cc(935)] handshake failed; returned -1, SSL error code 1, net_error -202
[1125/223148.307:ERROR:ssl_client_socket_impl.cc(935)] handshake failed; returned -1, SSL error code 1, net_error -202
[1125/223148.313:ERROR:ssl_client_socket_impl.cc(935)] handshake failed; returned -1, SSL error code 1, net_error -202
[1125/223148.320:ERROR:ssl_client_socket_impl.cc(935)] handshake failed; returned -1, SSL error code 1, net_error -202
[1125/223148.616:ERROR:ssl_client_socket_impl.cc(935)] handshake failed; returned -1, SSL error code 1, net_error -202
[1125/223148.648:ERROR:ssl_client_socket_impl.cc(935)] handshake failed; returned -1, SSL error code 1, net_error -202
[1125/223148.736:ERROR:ssl_client_socket_impl.cc(935)] handshake failed; returned -1, SSL error code 1, net_error -202
[1125/223204.035:ERROR:ssl_client_socket_impl.cc(935)] handshake failed; returned -1, SSL error code 1, net_error -202
[1125/223204.259:ERROR:ssl_client_socket_impl.cc(935)] handshake failed; returned -1, SSL error code 1, net_error -202
[1125/223212.159:ERROR:ssl_client_socket_impl.cc(935)] handshake failed; returned -1, SSL error code 1, net_error -202
[1125/223212.315:ERROR:ssl_client_socket_impl.cc(935)] handshake failed; returned -1, SSL error code 1, net_error -202
[1125/223212.336:ERROR:ssl_client_socket_impl.cc(935)] handshake failed; returned -1, SSL error code 1, net_error -202
[1125/223212.509:ERROR:ssl_client_socket_impl.cc(935)] handshake failed; returned -1, SSL error code 1, net_error -202
[1125/223212.512:ERROR:ssl_client_socket_impl.cc(935)] handshake failed; returned -1, SSL error code 1, net_error -202
[1125/223212.522:ERROR:ssl_client_socket_impl.cc(935)] handshake failed; returned -1, SSL error code 1, net_error -202
[1125/223212.534:ERROR:ssl_client_socket_impl.cc(935)] handshake failed; returned -1, SSL error code 1, net_error -202
[1125/223212.559:ERROR:ssl_client_socket_impl.cc(935)] handshake failed; returned -1, SSL error code 1, net_error -202
[1125/223212.595:ERROR:ssl_client_socket_impl.cc(935)] handshake failed; returned -1, SSL error code 1, net_error -202
[1125/223219.434:ERROR:ssl_client_socket_impl.cc(935)] handshake failed; returned -1, SSL error code 1, net_error -202
[1125/223219.438:ERROR:ssl_client_socket_impl.cc(935)] handshake failed; returned -1, SSL error code 1, net_error -202
[1125/223219.458:ERROR:ssl_client_socket_impl.cc(935)] handshake failed; returned -1, SSL error code 1, net_error -202
[1125/223312.178:ERROR:ssl_client_socket_impl.cc(935)] handshake failed; returned -1, SSL error code 1, net_error -202
[1125/223312.187:INFO:CONSOLE(68)] "[object Object]", source: https://127.0.0.1:53508/htmlutil/htmlutil-607630.js (68)
[1125/223312.192:INFO:CONSOLE(68)] "[object Object]", source: https://127.0.0.1:53508/htmlutil/htmlutil-607630.js (68)
[1125/223337.000:ERROR:ssl_client_socket_impl.cc(935)] handshake failed; returned -1, SSL error code 1, net_error -202
[1125/223337.161:ERROR:ssl_client_socket_impl.cc(935)] handshake failed; returned -1, SSL error code 1, net_error -202
[1125/223337.162:ERROR:ssl_client_socket_impl.cc(935)] handshake failed; returned -1, SSL error code 1, net_error -202
[1125/223337.170:ERROR:ssl_client_socket_impl.cc(935)] handshake failed; returned -1, SSL error code 1, net_error -202
[1125/223337.177:ERROR:ssl_client_socket_impl.cc(935)] handshake failed; returned -1, SSL error code 1, net_error -202
[1125/223337.184:ERROR:ssl_client_socket_impl.cc(935)] handshake failed; returned -1, SSL error code 1, net_error -202
[1125/223337.190:ERROR:ssl_client_socket_impl.cc(935)] handshake failed; returned -1, SSL error code 1, net_error -202
[1125/223337.196:ERROR:ssl_client_socket_impl.cc(935)] handshake failed; returned -1, SSL error code 1, net_error -202
[1125/223337.204:ERROR:ssl_client_socket_impl.cc(935)] handshake failed; returned -1, SSL error code 1, net_error -202
[1125/223337.213:ERROR:ssl_client_socket_impl.cc(935)] handshake failed; returned -1, SSL error code 1, net_error -202
[1125/223337.219:ERROR:ssl_client_socket_impl.cc(935)] handshake failed; returned -1, SSL error code 1, net_error -202
[1125/223337.225:ERROR:ssl_client_socket_impl.cc(935)] handshake failed; returned -1, SSL error code 1, net_error -202
[1125/223337.232:ERROR:ssl_client_socket_impl.cc(935)] handshake failed; returned -1, SSL error code 1, net_error -202
[1125/223337.253:ERROR:ssl_client_socket_impl.cc(935)] handshake failed; returned -1, SSL error code 1, net_error -202
[1125/223337.260:ERROR:ssl_client_socket_impl.cc(935)] handshake failed; returned -1, SSL error code 1, net_error -202
[1125/223337.532:ERROR:ssl_client_socket_impl.cc(935)] handshake failed; returned -1, SSL error code 1, net_error -202
[1125/223337.567:ERROR:ssl_client_socket_impl.cc(935)] handshake failed; returned -1, SSL error code 1, net_error -202
[1125/223337.668:ERROR:ssl_client_socket_impl.cc(935)] handshake failed; returned -1, SSL error code 1, net_error -202
[1125/223344.584:ERROR:ssl_client_socket_impl.cc(935)] handshake failed; returned -1, SSL error code 1, net_error -202
[1125/223344.700:ERROR:ssl_client_socket_impl.cc(935)] handshake failed; returned -1, SSL error code 1, net_error -202
[1125/223430.066:ERROR:ssl_client_socket_impl.cc(935)] handshake failed; returned -1, SSL error code 1, net_error -202
[1125/223430.081:ERROR:ssl_client_socket_impl.cc(935)] handshake failed; returned -1, SSL error code 1, net_error -202
[1125/223430.201:ERROR:ssl_client_socket_impl.cc(935)] handshake failed; returned -1, SSL error code 1, net_error -202
[1125/223430.523:ERROR:ssl_client_socket_impl.cc(935)] handshake failed; returned -1, SSL error code 1, net_error -202
[1125/223528.874:ERROR:ssl_client_socket_impl.cc(935)] handshake failed; returned -1, SSL error code 1, net_error -202
[1125/223544.443:ERROR:ssl_client_socket_impl.cc(935)] handshake failed; returned -1, SSL error code 1, net_error -202
[1125/223551.085:ERROR:ssl_client_socket_impl.cc(935)] handshake failed; returned -1, SSL error code 1, net_error -202
[1125/223551.193:ERROR:ssl_client_socket_impl.cc(935)] handshake failed; returned -1, SSL error code 1, net_error -202
[1125/223551.454:ERROR:ssl_client_socket_impl.cc(935)] handshake failed; returned -1, SSL error code 1, net_error -202
[1125/223551.567:ERROR:ssl_client_socket_impl.cc(935)] handshake failed; returned -1, SSL error code 1, net_error -202
[1125/223551.576:ERROR:ssl_client_socket_impl.cc(935)] handshake failed; returned -1, SSL error code 1, net_error -202
[1125/223551.587:ERROR:ssl_client_socket_impl.cc(935)] handshake failed; returned -1, SSL error code 1, net_error -202
[1125/223551.600:ERROR:ssl_client_socket_impl.cc(935)] handshake failed; returned -1, SSL error code 1, net_error -202
[1125/223551.609:ERROR:ssl_client_socket_impl.cc(935)] handshake failed; returned -1, SSL error code 1, net_error -202
[1125/223551.619:ERROR:ssl_client_socket_impl.cc(935)] handshake failed; returned -1, SSL error code 1, net_error -202
[1125/223551.626:ERROR:ssl_client_socket_impl.cc(935)] handshake failed; returned -1, SSL error code 1, net_error -202
[1125/223551.633:ERROR:ssl_client_socket_impl.cc(935)] handshake failed; returned -1, SSL error code 1, net_error -202
[1125/223551.641:ERROR:ssl_client_socket_impl.cc(935)] handshake failed; returned -1, SSL error code 1, net_error -202
[1125/223608.620:ERROR:ssl_client_socket_impl.cc(935)] handshake failed; returned -1, SSL error code 1, net_error -202
[1125/223611.965:ERROR:ssl_client_socket_impl.cc(935)] handshake failed; returned -1, SSL error code 1, net_error -202
[1125/223611.972:ERROR:ssl_client_socket_impl.cc(935)] handshake failed; returned -1, SSL error code 1, net_error -202
[1125/223611.979:ERROR:ssl_client_socket_impl.cc(935)] handshake failed; returned -1, SSL error code 1, net_error -202
[1125/223611.988:ERROR:ssl_client_socket_impl.cc(935)] handshake failed; returned -1, SSL error code 1, net_error -202
[1125/223611.995:ERROR:ssl_client_socket_impl.cc(935)] handshake failed; returned -1, SSL error code 1, net_error -202
[1125/223612.002:ERROR:ssl_client_socket_impl.cc(935)] handshake failed; returned -1, SSL error code 1, net_error -202
[1125/223612.012:ERROR:ssl_client_socket_impl.cc(935)] handshake failed; returned -1, SSL error code 1, net_error -202
[1125/223612.018:ERROR:ssl_client_socket_impl.cc(935)] handshake failed; returned -1, SSL error code 1, net_error -202
[1125/223612.025:ERROR:ssl_client_socket_impl.cc(935)] handshake failed; returned -1, SSL error code 1, net_error -202
[1125/223612.033:ERROR:ssl_client_socket_impl.cc(935)] handshake failed; returned -1, SSL error code 1, net_error -202
[1125/223612.040:ERROR:ssl_client_socket_impl.cc(935)] handshake failed; returned -1, SSL error code 1, net_error -202
[1125/223612.048:ERROR:ssl_client_socket_impl.cc(935)] handshake failed; returned -1, SSL error code 1, net_error -202
[1125/223612.055:ERROR:ssl_client_socket_impl.cc(935)] handshake failed; returned -1, SSL error code 1, net_error -202
[1125/223612.063:ERROR:ssl_client_socket_impl.cc(935)] handshake failed; returned -1, SSL error code 1, net_error -202
[1125/223612.355:ERROR:ssl_client_socket_impl.cc(935)] handshake failed; returned -1, SSL error code 1, net_error -202
[1125/223612.387:ERROR:ssl_client_socket_impl.cc(935)] handshake failed; returned -1, SSL error code 1, net_error -202
[1125/223612.493:ERROR:ssl_client_socket_impl.cc(935)] handshake failed; returned -1, SSL error code 1, net_error -202
[1125/223617.559:ERROR:ssl_client_socket_impl.cc(935)] handshake failed; returned -1, SSL error code 1, net_error -202
[1125/224255.985:ERROR:ssl_client_socket_impl.cc(935)] handshake failed; returned -1, SSL error code 1, net_error -202
[1125/224255.995:ERROR:ssl_client_socket_impl.cc(935)] handshake failed; returned -1, SSL error code 1, net_error -202
[1125/224256.142:ERROR:ssl_client_socket_impl.cc(935)] handshake failed; returned -1, SSL error code 1, net_error -202
[1125/224256.456:ERROR:ssl_client_socket_impl.cc(935)] handshake failed; returned -1, SSL error code 1, net_error -202
[1125/224351.988:ERROR:ssl_client_socket_impl.cc(935)] handshake failed; returned -1, SSL error code 1, net_error -202
[1125/224404.045:ERROR:ssl_client_socket_impl.cc(935)] handshake failed; returned -1, SSL error code 1, net_error -202
[1125/224406.536:ERROR:ssl_client_socket_impl.cc(935)] handshake failed; returned -1, SSL error code 1, net_error -202
[1125/224406.644:ERROR:ssl_client_socket_impl.cc(935)] handshake failed; returned -1, SSL error code 1, net_error -202
[1125/224406.868:ERROR:ssl_client_socket_impl.cc(935)] handshake failed; returned -1, SSL error code 1, net_error -202
[1125/224406.977:ERROR:ssl_client_socket_impl.cc(935)] handshake failed; returned -1, SSL error code 1, net_error -202
[1125/224406.992:ERROR:ssl_client_socket_impl.cc(935)] handshake failed; returned -1, SSL error code 1, net_error -202
[1125/224407.001:ERROR:ssl_client_socket_impl.cc(935)] handshake failed; returned -1, SSL error code 1, net_error -202
[1125/224407.014:ERROR:ssl_client_socket_impl.cc(935)] handshake failed; returned -1, SSL error code 1, net_error -202
[1125/224407.025:ERROR:ssl_client_socket_impl.cc(935)] handshake failed; returned -1, SSL error code 1, net_error -202
[1125/224407.032:ERROR:ssl_client_socket_impl.cc(935)] handshake failed; returned -1, SSL error code 1, net_error -202
[1125/224407.041:ERROR:ssl_client_socket_impl.cc(935)] handshake failed; returned -1, SSL error code 1, net_error -202
[1125/224407.053:ERROR:ssl_client_socket_impl.cc(935)] handshake failed; returned -1, SSL error code 1, net_error -202
[1125/224407.062:ERROR:ssl_client_socket_impl.cc(935)] handshake failed; returned -1, SSL error code 1, net_error -202
[1125/230525.292:ERROR:ssl_client_socket_impl.cc(935)] handshake failed; returned -1, SSL error code 1, net_error -202
[1125/230525.703:ERROR:ssl_client_socket_impl.cc(935)] handshake failed; returned -1, SSL error code 1, net_error -202
[1125/230525.710:ERROR:ssl_client_socket_impl.cc(935)] handshake failed; returned -1, SSL error code 1, net_error -202
[1125/230525.804:ERROR:ssl_client_socket_impl.cc(935)] handshake failed; returned -1, SSL error code 1, net_error -202
[1125/230525.806:ERROR:ssl_client_socket_impl.cc(935)] handshake failed; returned -1, SSL error code 1, net_error -202
[1125/230525.824:ERROR:ssl_client_socket_impl.cc(935)] handshake failed; returned -1, SSL error code 1, net_error -202
[1125/230526.557:ERROR:ssl_client_socket_impl.cc(935)] handshake failed; returned -1, SSL error code 1, net_error -202
[1125/230526.559:ERROR:ssl_client_socket_impl.cc(935)] handshake failed; returned -1, SSL error code 1, net_error -202
[1125/230526.560:ERROR:ssl_client_socket_impl.cc(935)] handshake failed; returned -1, SSL error code 1, net_error -202
[1125/230526.568:ERROR:ssl_client_socket_impl.cc(935)] handshake failed; returned -1, SSL error code 1, net_error -202
[1125/230549.750:ERROR:ssl_client_socket_impl.cc(935)] handshake failed; returned -1, SSL error code 1, net_error -202
[1125/230549.857:ERROR:ssl_client_socket_impl.cc(935)] handshake failed; returned -1, SSL error code 1, net_error -202
[1125/230549.865:ERROR:ssl_client_socket_impl.cc(935)] handshake failed; returned -1, SSL error code 1, net_error -202
[1125/230549.873:ERROR:ssl_client_socket_impl.cc(935)] handshake failed; returned -1, SSL error code 1, net_error -202
[1125/230549.881:ERROR:ssl_client_socket_impl.cc(935)] handshake failed; returned -1, SSL error code 1, net_error -202
[1125/230549.898:INFO:CONSOLE(68)] "Ignore config query 'Call Stack'(/CPUParentCallStack) because of duplicate display name!", source: https://127.0.0.1:53508/htmlutil/htmlutil-607630.js (68)
[1125/230549.898:INFO:CONSOLE(68)] "Ignore config query 'Thread'(/GenericThread) because of duplicate display name!", source: https://127.0.0.1:53508/htmlutil/htmlutil-607630.js (68)
[1125/230549.905:ERROR:ssl_client_socket_impl.cc(935)] handshake failed; returned -1, SSL error code 1, net_error -202
[1125/230549.912:ERROR:ssl_client_socket_impl.cc(935)] handshake failed; returned -1, SSL error code 1, net_error -202
[1125/230549.918:ERROR:ssl_client_socket_impl.cc(935)] handshake failed; returned -1, SSL error code 1, net_error -202
[1125/230550.504:INFO:CONSOLE(68)] "No selection filter is set yet", source: https://127.0.0.1:53508/htmlutil/htmlutil-607630.js (68)
[1125/230559.308:ERROR:ssl_client_socket_impl.cc(935)] handshake failed; returned -1, SSL error code 1, net_error -202
[1125/230559.308:ERROR:ssl_client_socket_impl.cc(935)] handshake failed; returned -1, SSL error code 1, net_error -202
[1125/230605.656:ERROR:ssl_client_socket_impl.cc(935)] handshake failed; returned -1, SSL error code 1, net_error -202
[1125/230605.656:ERROR:ssl_client_socket_impl.cc(935)] handshake failed; returned -1, SSL error code 1, net_error -202
[1125/230605.736:ERROR:ssl_client_socket_impl.cc(935)] handshake failed; returned -1, SSL error code 1, net_error -202
[1125/230606.428:ERROR:ssl_client_socket_impl.cc(935)] handshake failed; returned -1, SSL error code 1, net_error -202
[1125/230606.429:ERROR:ssl_client_socket_impl.cc(935)] handshake failed; returned -1, SSL error code 1, net_error -202
[1125/230606.439:ERROR:ssl_client_socket_impl.cc(935)] handshake failed; returned -1, SSL error code 1, net_error -202
[1125/230606.448:ERROR:ssl_client_socket_impl.cc(935)] handshake failed; returned -1, SSL error code 1, net_error -202
[1125/230606.457:ERROR:ssl_client_socket_impl.cc(935)] handshake failed; returned -1, SSL error code 1, net_error -202
[1125/230606.464:ERROR:ssl_client_socket_impl.cc(935)] handshake failed; returned -1, SSL error code 1, net_error -202
[1125/230606.471:ERROR:ssl_client_socket_impl.cc(935)] handshake failed; returned -1, SSL error code 1, net_error -202
[1125/230706.318:ERROR:ssl_client_socket_impl.cc(935)] handshake failed; returned -1, SSL error code 1, net_error -202
[1125/230718.279:ERROR:ssl_client_socket_impl.cc(935)] handshake failed; returned -1, SSL error code 1, net_error -202
[1125/230718.312:ERROR:ssl_client_socket_impl.cc(935)] handshake failed; returned -1, SSL error code 1, net_error -202
[1125/230718.313:ERROR:ssl_client_socket_impl.cc(935)] handshake failed; returned -1, SSL error code 1, net_error -202
[1125/230718.381:ERROR:ssl_client_socket_impl.cc(935)] handshake failed; returned -1, SSL error code 1, net_error -202
[1125/230718.382:ERROR:ssl_client_socket_impl.cc(935)] handshake failed; returned -1, SSL error code 1, net_error -202
[1125/230718.390:ERROR:ssl_client_socket_impl.cc(935)] handshake failed; returned -1, SSL error code 1, net_error -202
[1125/230718.401:ERROR:ssl_client_socket_impl.cc(935)] handshake failed; returned -1, SSL error code 1, net_error -202
[1125/230718.410:ERROR:ssl_client_socket_impl.cc(935)] handshake failed; returned -1, SSL error code 1, net_error -202
[1125/230718.420:ERROR:ssl_client_socket_impl.cc(935)] handshake failed; returned -1, SSL error code 1, net_error -202
[1125/230718.434:ERROR:ssl_client_socket_impl.cc(935)] handshake failed; returned -1, SSL error code 1, net_error -202
[1125/230718.442:ERROR:ssl_client_socket_impl.cc(935)] handshake failed; returned -1, SSL error code 1, net_error -202
[1125/230718.451:ERROR:ssl_client_socket_impl.cc(935)] handshake failed; returned -1, SSL error code 1, net_error -202
[1125/230718.470:ERROR:ssl_client_socket_impl.cc(935)] handshake failed; returned -1, SSL error code 1, net_error -202
[1125/230718.481:ERROR:ssl_client_socket_impl.cc(935)] handshake failed; returned -1, SSL error code 1, net_error -202
[1125/230718.494:ERROR:ssl_client_socket_impl.cc(935)] handshake failed; returned -1, SSL error code 1, net_error -202
[1125/230718.509:ERROR:ssl_client_socket_impl.cc(935)] handshake failed; returned -1, SSL error code 1, net_error -202
[1125/230718.510:ERROR:ssl_client_socket_impl.cc(935)] handshake failed; returned -1, SSL error code 1, net_error -202
[1125/230718.524:ERROR:ssl_client_socket_impl.cc(935)] handshake failed; returned -1, SSL error code 1, net_error -202
[1125/230718.531:ERROR:ssl_client_socket_impl.cc(935)] handshake failed; returned -1, SSL error code 1, net_error -202
[1125/230718.544:ERROR:ssl_client_socket_impl.cc(935)] handshake failed; returned -1, SSL error code 1, net_error -202
[1125/230718.551:ERROR:ssl_client_socket_impl.cc(935)] handshake failed; returned -1, SSL error code 1, net_error -202
[1125/230718.570:ERROR:ssl_client_socket_impl.cc(935)] handshake failed; returned -1, SSL error code 1, net_error -202
[1125/230744.411:ERROR:ssl_client_socket_impl.cc(935)] handshake failed; returned -1, SSL error code 1, net_error -202
[1126/023930.773:WARNING:gpu_process_host.cc(1213)] The GPU process has crashed 1 time(s)
[1126/023930.819:WARNING:gpu_process_host.cc(1213)] The GPU process has crashed 2 time(s)
[1126/023930.835:WARNING:gpu_process_host.cc(1213)] The GPU process has crashed 3 time(s)
[1126/023930.852:WARNING:gpu_process_host.cc(1213)] The GPU process has crashed 4 time(s)
[1126/023930.867:WARNING:gpu_process_host.cc(1213)] The GPU process has crashed 5 time(s)
[1126/023930.886:WARNING:gpu_process_host.cc(1213)] The GPU process has crashed 6 time(s)
[1126/023930.887:ERROR:browser_gpu_channel_host_factory.cc(138)] Failed to launch GPU process.
